Traceback (most recent call last):
  File "/home/zhisheng/hm_env/lib/python3.10/site-packages/sympy/__init__.py", line 23, in <module>
    import mpmath
ModuleNotFoundError: No module named 'mpmath'

During handling of the above exception, another exception occurred:

Traceback (most recent call last):
  File "/sw/pkgs/arc/python/3.10.4/lib/python3.10/runpy.py", line 196, in _run_module_as_main
    return _run_code(code, main_globals, None,
  File "/sw/pkgs/arc/python/3.10.4/lib/python3.10/runpy.py", line 86, in _run_code
    exec(code, run_globals)
  File "/home/zhisheng/stats507/zero_shot/run_qwenvl.py", line 13, in <module>
    from transformers import AutoProcessor, AutoModelForCausalLM
  File "/home/zhisheng/hm_env/lib/python3.10/site-packages/transformers/utils/import_utils.py", line 1942, in __getattr__
    module = self._get_module(self._class_to_module[name])
  File "/home/zhisheng/hm_env/lib/python3.10/site-packages/transformers/utils/import_utils.py", line 2132, in _get_module
    raise e
  File "/home/zhisheng/hm_env/lib/python3.10/site-packages/transformers/utils/import_utils.py", line 2130, in _get_module
    return importlib.import_module("." + module_name, self.__name__)
  File "/sw/pkgs/arc/python/3.10.4/lib/python3.10/importlib/__init__.py", line 126, in import_module
    return _bootstrap._gcd_import(name[level:], package, level)
  File "/home/zhisheng/hm_env/lib/python3.10/site-packages/transformers/models/auto/processing_auto.py", line 26, in <module>
    from ...image_processing_utils import ImageProcessingMixin
  File "/home/zhisheng/hm_env/lib/python3.10/site-packages/transformers/image_processing_utils.py", line 21, in <module>
    from .image_processing_base import BatchFeature, ImageProcessingMixin
  File "/home/zhisheng/hm_env/lib/python3.10/site-packages/transformers/image_processing_base.py", line 25, in <module>
    from .image_utils import is_valid_image, load_image
  File "/home/zhisheng/hm_env/lib/python3.10/site-packages/transformers/image_utils.py", line 53, in <module>
    from torchvision.transforms import InterpolationMode
  File "/home/zhisheng/hm_env/lib/python3.10/site-packages/torchvision/__init__.py", line 10, in <module>
    from torchvision import _meta_registrations, datasets, io, models, ops, transforms, utils  # usort:skip
  File "/home/zhisheng/hm_env/lib/python3.10/site-packages/torchvision/models/__init__.py", line 2, in <module>
    from .convnext import *
  File "/home/zhisheng/hm_env/lib/python3.10/site-packages/torchvision/models/convnext.py", line 9, in <module>
    from ..ops.misc import Conv2dNormActivation, Permute
  File "/home/zhisheng/hm_env/lib/python3.10/site-packages/torchvision/ops/__init__.py", line 23, in <module>
    from .poolers import MultiScaleRoIAlign
  File "/home/zhisheng/hm_env/lib/python3.10/site-packages/torchvision/ops/poolers.py", line 10, in <module>
    from .roi_align import roi_align
  File "/home/zhisheng/hm_env/lib/python3.10/site-packages/torchvision/ops/roi_align.py", line 7, in <module>
    from torch._dynamo.utils import is_compile_supported
  File "/home/zhisheng/hm_env/lib/python3.10/site-packages/torch/_dynamo/__init__.py", line 13, in <module>
    from . import (
  File "/home/zhisheng/hm_env/lib/python3.10/site-packages/torch/_dynamo/aot_compile.py", line 15, in <module>
    from . import convert_frame
  File "/home/zhisheng/hm_env/lib/python3.10/site-packages/torch/_dynamo/convert_frame.py", line 57, in <module>
    from torch._dynamo.symbolic_convert import TensorifyState
  File "/home/zhisheng/hm_env/lib/python3.10/site-packages/torch/_dynamo/symbolic_convert.py", line 53, in <module>
    from torch._dynamo.exc import ObservedException, TensorifyScalarRestartAnalysis
  File "/home/zhisheng/hm_env/lib/python3.10/site-packages/torch/_dynamo/exc.py", line 45, in <module>
    from .utils import counters
  File "/home/zhisheng/hm_env/lib/python3.10/site-packages/torch/_dynamo/utils.py", line 67, in <module>
    import torch.fx.experimental.symbolic_shapes
  File "/home/zhisheng/hm_env/lib/python3.10/site-packages/torch/fx/experimental/symbolic_shapes.py", line 3, in <module>
    import sympy
  File "/home/zhisheng/hm_env/lib/python3.10/site-packages/sympy/__init__.py", line 25, in <module>
    raise ImportError("SymPy now depends on mpmath as an external library. "
ImportError: SymPy now depends on mpmath as an external library. See https://docs.sympy.org/latest/install.html#mpmath for more information.
