/home/zhisheng/hm_env/lib/python3.10/site-packages/huggingface_hub/utils/_validators.py:202: UserWarning: The `local_dir_use_symlinks` argument is deprecated and ignored in `snapshot_download`. Downloading to a local directory does not use symlinks anymore.
  warnings.warn(
Fetching 9672 files:   0%|          | 0/9672 [00:00<?, ?it/s]Fetching 9672 files:   0%|          | 1/9672 [00:00<27:46,  5.80it/s]Fetching 9672 files:   0%|          | 6/9672 [00:00<18:55,  8.51it/s]Fetching 9672 files:   0%|          | 7/9672 [00:00<21:20,  7.55it/s]Fetching 9672 files:   0%|          | 14/9672 [00:01<11:39, 13.80it/s]Fetching 9672 files:   0%|          | 16/9672 [00:01<11:12, 14.36it/s]Fetching 9672 files:   0%|          | 20/9672 [00:01<09:32, 16.86it/s]Fetching 9672 files:   0%|          | 22/9672 [00:01<09:34, 16.81it/s]Fetching 9672 files:   0%|          | 24/9672 [00:01<13:03, 12.32it/s]Fetching 9672 files:   0%|          | 27/9672 [00:02<10:40, 15.05it/s]Fetching 9672 files:   0%|          | 31/9672 [00:02<09:04, 17.72it/s]Fetching 9672 files:   0%|          | 34/9672 [00:02<10:57, 14.66it/s]Fetching 9672 files:   0%|          | 36/9672 [00:02<11:31, 13.93it/s]Fetching 9672 files:   0%|          | 41/9672 [00:02<09:01, 17.78it/s]Fetching 9672 files:   0%|          | 43/9672 [00:03<12:52, 12.46it/s]Fetching 9672 files:   1%|          | 51/9672 [00:03<08:42, 18.42it/s]Fetching 9672 files:   1%|          | 55/9672 [00:03<07:31, 21.32it/s]Fetching 9672 files:   1%|          | 58/9672 [00:03<09:27, 16.94it/s]Fetching 9672 files:   1%|          | 64/9672 [00:04<07:45, 20.65it/s]Fetching 9672 files:   1%|          | 67/9672 [00:04<09:48, 16.33it/s]Fetching 9672 files:   1%|          | 69/9672 [00:04<10:47, 14.84it/s]Fetching 9672 files:   1%|          | 75/9672 [00:04<07:34, 21.14it/s]Fetching 9672 files:   1%|          | 78/9672 [00:04<08:35, 18.63it/s]Fetching 9672 files:   1%|          | 81/9672 [00:05<07:47, 20.52it/s]Fetching 9672 files:   1%|          | 84/9672 [00:05<10:33, 15.13it/s]Fetching 9672 files:   1%|          | 91/9672 [00:05<08:24, 18.99it/s]Fetching 9672 files:   1%|          | 94/9672 [00:05<07:47, 20.47it/s]Fetching 9672 files:   1%|          | 98/9672 [00:05<06:42, 23.77it/s]Fetching 9672 files:   1%|          | 101/9672 [00:06<09:58, 15.99it/s]Fetching 9672 files:   1%|          | 107/9672 [00:06<08:22, 19.04it/s]Fetching 9672 files:   1%|          | 110/9672 [00:06<08:39, 18.39it/s]Fetching 9672 files:   1%|          | 113/9672 [00:06<08:56, 17.83it/s]Fetching 9672 files:   1%|          | 119/9672 [00:07<08:08, 19.57it/s]Fetching 9672 files:   1%|▏         | 123/9672 [00:07<07:04, 22.52it/s]Fetching 9672 files:   1%|▏         | 126/9672 [00:07<08:22, 18.99it/s]Fetching 9672 files:   1%|▏         | 130/9672 [00:07<07:05, 22.44it/s]Fetching 9672 files:   1%|▏         | 133/9672 [00:07<09:04, 17.50it/s]Fetching 9672 files:   1%|▏         | 137/9672 [00:08<09:26, 16.83it/s]Fetching 9672 files:   1%|▏         | 141/9672 [00:08<08:20, 19.04it/s]Fetching 9672 files:   2%|▏         | 147/9672 [00:08<09:34, 16.57it/s]Fetching 9672 files:   2%|▏         | 152/9672 [00:08<09:57, 15.94it/s]Fetching 9672 files:   2%|▏         | 161/9672 [00:09<06:16, 25.23it/s]Fetching 9672 files:   2%|▏         | 165/9672 [00:09<08:20, 18.99it/s]Fetching 9672 files:   2%|▏         | 168/9672 [00:09<08:15, 19.16it/s]Fetching 9672 files:   2%|▏         | 171/9672 [00:09<09:19, 16.99it/s]Fetching 9672 files:   2%|▏         | 175/9672 [00:10<08:46, 18.03it/s]Fetching 9672 files:   2%|▏         | 182/9672 [00:10<06:17, 25.11it/s]Fetching 9672 files:   2%|▏         | 186/9672 [00:10<07:09, 22.11it/s]Fetching 9672 files:   2%|▏         | 189/9672 [00:10<08:04, 19.59it/s]Fetching 9672 files:   2%|▏         | 192/9672 [00:10<08:30, 18.58it/s]Fetching 9672 files:   2%|▏         | 195/9672 [00:10<08:03, 19.59it/s]Fetching 9672 files:   2%|▏         | 200/9672 [00:11<06:24, 24.61it/s]Fetching 9672 files:   2%|▏         | 203/9672 [00:11<08:20, 18.92it/s]Fetching 9672 files:   2%|▏         | 206/9672 [00:11<08:40, 18.19it/s]Fetching 9672 files:   2%|▏         | 210/9672 [00:11<10:17, 15.33it/s]Fetching 9672 files:   2%|▏         | 215/9672 [00:12<08:01, 19.66it/s]Fetching 9672 files:   2%|▏         | 221/9672 [00:12<08:44, 18.01it/s]Fetching 9672 files:   2%|▏         | 225/9672 [00:12<07:39, 20.58it/s]Fetching 9672 files:   2%|▏         | 230/9672 [00:12<07:06, 22.16it/s]Fetching 9672 files:   2%|▏         | 233/9672 [00:12<06:51, 22.95it/s]Fetching 9672 files:   2%|▏         | 236/9672 [00:13<09:37, 16.34it/s]Fetching 9672 files:   2%|▏         | 239/9672 [00:13<08:31, 18.46it/s]Fetching 9672 files:   3%|▎         | 244/9672 [00:13<06:49, 23.03it/s]Fetching 9672 files:   3%|▎         | 247/9672 [00:13<08:32, 18.37it/s]Fetching 9672 files:   3%|▎         | 252/9672 [00:13<07:05, 22.16it/s]Fetching 9672 files:   3%|▎         | 255/9672 [00:13<07:32, 20.82it/s]Fetching 9672 files:   3%|▎         | 258/9672 [00:14<08:39, 18.13it/s]Fetching 9672 files:   3%|▎         | 262/9672 [00:14<09:29, 16.52it/s]Fetching 9672 files:   3%|▎         | 266/9672 [00:14<08:27, 18.53it/s]Fetching 9672 files:   3%|▎         | 269/9672 [00:14<08:37, 18.18it/s]Fetching 9672 files:   3%|▎         | 272/9672 [00:15<09:14, 16.95it/s]Fetching 9672 files:   3%|▎         | 278/9672 [00:15<06:36, 23.67it/s]Fetching 9672 files:   3%|▎         | 281/9672 [00:15<07:38, 20.48it/s]Fetching 9672 files:   3%|▎         | 285/9672 [00:15<06:43, 23.27it/s]Fetching 9672 files:   3%|▎         | 288/9672 [00:15<08:05, 19.34it/s]Fetching 9672 files:   3%|▎         | 291/9672 [00:15<08:43, 17.92it/s]Fetching 9672 files:   3%|▎         | 295/9672 [00:16<08:07, 19.25it/s]Fetching 9672 files:   3%|▎         | 300/9672 [00:16<09:35, 16.30it/s]Fetching 9672 files:   3%|▎         | 310/9672 [00:16<07:26, 20.96it/s]Fetching 9672 files:   3%|▎         | 315/9672 [00:16<06:44, 23.16it/s]Fetching 9672 files:   3%|▎         | 320/9672 [00:17<07:55, 19.68it/s]Fetching 9672 files:   3%|▎         | 327/9672 [00:17<07:04, 22.03it/s]Fetching 9672 files:   3%|▎         | 331/9672 [00:17<07:14, 21.48it/s]Fetching 9672 files:   3%|▎         | 337/9672 [00:18<09:02, 17.20it/s]Fetching 9672 files:   4%|▎         | 347/9672 [00:18<06:33, 23.69it/s]Fetching 9672 files:   4%|▎         | 351/9672 [00:18<08:07, 19.10it/s]Fetching 9672 files:   4%|▎         | 355/9672 [00:19<07:19, 21.22it/s]Fetching 9672 files:   4%|▎         | 360/9672 [00:19<06:08, 25.28it/s]Fetching 9672 files:   4%|▍         | 364/9672 [00:19<07:13, 21.46it/s]Fetching 9672 files:   4%|▍         | 369/9672 [00:19<07:13, 21.48it/s]Fetching 9672 files:   4%|▍         | 375/9672 [00:19<05:49, 26.57it/s]Fetching 9672 files:   4%|▍         | 379/9672 [00:20<08:13, 18.84it/s]Fetching 9672 files:   4%|▍         | 387/9672 [00:20<06:46, 22.85it/s]Fetching 9672 files:   4%|▍         | 391/9672 [00:20<07:05, 21.81it/s]Fetching 9672 files:   4%|▍         | 394/9672 [00:20<07:42, 20.07it/s]Fetching 9672 files:   4%|▍         | 397/9672 [00:20<08:05, 19.10it/s]Fetching 9672 files:   4%|▍         | 403/9672 [00:21<06:43, 22.99it/s]Fetching 9672 files:   4%|▍         | 407/9672 [00:21<07:02, 21.93it/s]Fetching 9672 files:   4%|▍         | 411/9672 [00:21<06:35, 23.43it/s]Fetching 9672 files:   4%|▍         | 417/9672 [00:21<06:39, 23.16it/s]Fetching 9672 files:   4%|▍         | 421/9672 [00:22<07:34, 20.36it/s]Fetching 9672 files:   4%|▍         | 427/9672 [00:22<08:20, 18.46it/s]Fetching 9672 files:   4%|▍         | 430/9672 [00:22<09:38, 15.98it/s]Fetching 9672 files:   5%|▍         | 441/9672 [00:22<05:37, 27.34it/s]Fetching 9672 files:   5%|▍         | 446/9672 [00:23<07:08, 21.54it/s]Fetching 9672 files:   5%|▍         | 452/9672 [00:23<06:13, 24.71it/s]Fetching 9672 files:   5%|▍         | 456/9672 [00:23<05:46, 26.58it/s]Fetching 9672 files:   5%|▍         | 460/9672 [00:23<05:19, 28.82it/s]Fetching 9672 files:   5%|▍         | 464/9672 [00:23<06:36, 23.24it/s]Fetching 9672 files:   5%|▍         | 467/9672 [00:24<07:17, 21.03it/s]Fetching 9672 files:   5%|▍         | 470/9672 [00:24<07:23, 20.73it/s]Fetching 9672 files:   5%|▍         | 475/9672 [00:24<06:07, 25.01it/s]Fetching 9672 files:   5%|▍         | 478/9672 [00:24<06:06, 25.06it/s]Fetching 9672 files:   5%|▍         | 481/9672 [00:24<09:09, 16.71it/s]Fetching 9672 files:   5%|▌         | 484/9672 [00:24<08:08, 18.79it/s]Fetching 9672 files:   5%|▌         | 491/9672 [00:25<07:38, 20.02it/s]Fetching 9672 files:   5%|▌         | 500/9672 [00:25<05:29, 27.85it/s]Fetching 9672 files:   5%|▌         | 504/9672 [00:25<06:24, 23.82it/s]Fetching 9672 files:   5%|▌         | 507/9672 [00:25<06:21, 24.01it/s]Fetching 9672 files:   5%|▌         | 510/9672 [00:25<06:54, 22.10it/s]Fetching 9672 files:   5%|▌         | 517/9672 [00:26<06:02, 25.26it/s]Fetching 9672 files:   5%|▌         | 520/9672 [00:26<05:57, 25.57it/s]Fetching 9672 files:   5%|▌         | 523/9672 [00:26<06:52, 22.17it/s]Fetching 9672 files:   5%|▌         | 526/9672 [00:26<06:53, 22.10it/s]Fetching 9672 files:   5%|▌         | 529/9672 [00:26<06:43, 22.65it/s]Fetching 9672 files:   6%|▌         | 532/9672 [00:26<06:37, 23.00it/s]Fetching 9672 files:   6%|▌         | 535/9672 [00:27<06:55, 22.01it/s]Fetching 9672 files:   6%|▌         | 538/9672 [00:27<10:58, 13.88it/s]Fetching 9672 files:   6%|▌         | 547/9672 [00:27<06:05, 24.99it/s]Fetching 9672 files:   6%|▌         | 551/9672 [00:27<06:40, 22.78it/s]Fetching 9672 files:   6%|▌         | 555/9672 [00:27<05:55, 25.64it/s]Fetching 9672 files:   6%|▌         | 559/9672 [00:28<05:58, 25.45it/s]Fetching 9672 files:   6%|▌         | 563/9672 [00:28<07:48, 19.46it/s]Fetching 9672 files:   6%|▌         | 568/9672 [00:28<06:36, 22.96it/s]Fetching 9672 files:   6%|▌         | 572/9672 [00:28<05:54, 25.65it/s]Fetching 9672 files:   6%|▌         | 576/9672 [00:29<11:28, 13.22it/s]Fetching 9672 files:   6%|▌         | 586/9672 [00:29<07:08, 21.18it/s]Fetching 9672 files:   6%|▌         | 593/9672 [00:29<05:49, 25.99it/s]Fetching 9672 files:   6%|▌         | 597/9672 [00:29<06:17, 24.01it/s]Fetching 9672 files:   6%|▌         | 601/9672 [00:30<07:35, 19.90it/s]Fetching 9672 files:   6%|▋         | 611/9672 [00:30<05:37, 26.87it/s]Fetching 9672 files:   6%|▋         | 615/9672 [00:30<06:21, 23.72it/s]Fetching 9672 files:   6%|▋         | 618/9672 [00:30<06:24, 23.55it/s]Fetching 9672 files:   6%|▋         | 623/9672 [00:30<06:49, 22.08it/s]Fetching 9672 files:   6%|▋         | 626/9672 [00:31<07:23, 20.38it/s]Fetching 9672 files:   7%|▋         | 631/9672 [00:31<06:41, 22.49it/s]Fetching 9672 files:   7%|▋         | 637/9672 [00:31<06:13, 24.21it/s]Fetching 9672 files:   7%|▋         | 640/9672 [00:31<07:15, 20.75it/s]Fetching 9672 files:   7%|▋         | 649/9672 [00:31<04:45, 31.61it/s]Fetching 9672 files:   7%|▋         | 653/9672 [00:32<05:05, 29.51it/s]Fetching 9672 files:   7%|▋         | 657/9672 [00:32<05:30, 27.26it/s]Fetching 9672 files:   7%|▋         | 662/9672 [00:32<05:37, 26.67it/s]Fetching 9672 files:   7%|▋         | 665/9672 [00:32<07:12, 20.81it/s]Fetching 9672 files:   7%|▋         | 674/9672 [00:32<04:56, 30.33it/s]Fetching 9672 files:   7%|▋         | 678/9672 [00:33<06:31, 22.97it/s]Fetching 9672 files:   7%|▋         | 683/9672 [00:33<05:34, 26.91it/s]Fetching 9672 files:   7%|▋         | 687/9672 [00:33<06:59, 21.44it/s]Fetching 9672 files:   7%|▋         | 690/9672 [00:33<06:52, 21.77it/s]Fetching 9672 files:   7%|▋         | 697/9672 [00:33<05:39, 26.46it/s]Fetching 9672 files:   7%|▋         | 700/9672 [00:34<06:24, 23.35it/s]Fetching 9672 files:   7%|▋         | 704/9672 [00:34<07:13, 20.66it/s]Fetching 9672 files:   7%|▋         | 713/9672 [00:34<05:17, 28.23it/s]Fetching 9672 files:   7%|▋         | 717/9672 [00:34<05:51, 25.50it/s]Fetching 9672 files:   7%|▋         | 724/9672 [00:34<05:03, 29.48it/s]Fetching 9672 files:   8%|▊         | 729/9672 [00:35<06:32, 22.81it/s]Fetching 9672 files:   8%|▊         | 733/9672 [00:35<07:57, 18.70it/s]Fetching 9672 files:   8%|▊         | 737/9672 [00:35<07:36, 19.57it/s]Fetching 9672 files:   8%|▊         | 743/9672 [00:35<06:41, 22.26it/s]Fetching 9672 files:   8%|▊         | 746/9672 [00:36<06:24, 23.24it/s]Fetching 9672 files:   8%|▊         | 750/9672 [00:36<05:57, 24.96it/s]Fetching 9672 files:   8%|▊         | 754/9672 [00:36<05:42, 26.02it/s]Fetching 9672 files:   8%|▊         | 757/9672 [00:36<05:37, 26.44it/s]Fetching 9672 files:   8%|▊         | 760/9672 [00:36<08:47, 16.90it/s]Fetching 9672 files:   8%|▊         | 767/9672 [00:36<05:54, 25.15it/s]Fetching 9672 files:   8%|▊         | 771/9672 [00:37<05:55, 25.01it/s]Fetching 9672 files:   8%|▊         | 775/9672 [00:37<05:47, 25.62it/s]Fetching 9672 files:   8%|▊         | 778/9672 [00:37<08:19, 17.80it/s]Fetching 9672 files:   8%|▊         | 787/9672 [00:37<06:50, 21.62it/s]Fetching 9672 files:   8%|▊         | 790/9672 [00:38<06:37, 22.32it/s]Fetching 9672 files:   8%|▊         | 797/9672 [00:38<05:09, 28.63it/s]Fetching 9672 files:   8%|▊         | 804/9672 [00:38<04:32, 32.51it/s]Fetching 9672 files:   8%|▊         | 808/9672 [00:39<10:16, 14.38it/s]Fetching 9672 files:   8%|▊         | 822/9672 [00:39<05:54, 24.98it/s]Fetching 9672 files:   9%|▊         | 827/9672 [00:39<06:25, 22.97it/s]Fetching 9672 files:   9%|▊         | 835/9672 [00:39<04:55, 29.88it/s]Fetching 9672 files:   9%|▊         | 840/9672 [00:39<05:26, 27.08it/s]Fetching 9672 files:   9%|▊         | 844/9672 [00:40<11:10, 13.17it/s]Fetching 9672 files:   9%|▉         | 860/9672 [00:41<06:16, 23.37it/s]Fetching 9672 files:   9%|▉         | 868/9672 [00:41<05:31, 26.52it/s]Fetching 9672 files:   9%|▉         | 873/9672 [00:41<05:15, 27.91it/s]Fetching 9672 files:   9%|▉         | 877/9672 [00:41<05:57, 24.58it/s]Fetching 9672 files:   9%|▉         | 881/9672 [00:41<06:14, 23.44it/s]Fetching 9672 files:   9%|▉         | 886/9672 [00:42<05:38, 25.93it/s]Fetching 9672 files:   9%|▉         | 890/9672 [00:42<06:04, 24.11it/s]Fetching 9672 files:   9%|▉         | 897/9672 [00:42<04:52, 30.00it/s]Fetching 9672 files:   9%|▉         | 901/9672 [00:42<05:15, 27.77it/s]Fetching 9672 files:   9%|▉         | 908/9672 [00:42<04:50, 30.15it/s]Fetching 9672 files:   9%|▉         | 912/9672 [00:42<04:52, 29.95it/s]Fetching 9672 files:   9%|▉         | 916/9672 [00:43<06:51, 21.28it/s]Fetching 9672 files:  10%|▉         | 919/9672 [00:43<06:53, 21.15it/s]Fetching 9672 files:  10%|▉         | 926/9672 [00:43<06:07, 23.79it/s]Fetching 9672 files:  10%|▉         | 933/9672 [00:43<05:22, 27.12it/s]Fetching 9672 files:  10%|▉         | 938/9672 [00:43<04:54, 29.62it/s]Fetching 9672 files:  10%|▉         | 942/9672 [00:44<05:43, 25.38it/s]Fetching 9672 files:  10%|▉         | 948/9672 [00:44<05:11, 28.05it/s]Fetching 9672 files:  10%|▉         | 951/9672 [00:44<05:17, 27.46it/s]Fetching 9672 files:  10%|▉         | 954/9672 [00:44<05:18, 27.35it/s]Fetching 9672 files:  10%|▉         | 957/9672 [00:44<06:03, 23.94it/s]Fetching 9672 files:  10%|▉         | 960/9672 [00:44<07:18, 19.86it/s]Fetching 9672 files:  10%|▉         | 967/9672 [00:45<05:14, 27.65it/s]Fetching 9672 files:  10%|█         | 971/9672 [00:45<06:16, 23.09it/s]Fetching 9672 files:  10%|█         | 978/9672 [00:45<04:44, 30.51it/s]Fetching 9672 files:  10%|█         | 982/9672 [00:45<05:16, 27.48it/s]Fetching 9672 files:  10%|█         | 986/9672 [00:46<08:23, 17.24it/s]Fetching 9672 files:  10%|█         | 992/9672 [00:46<07:01, 20.58it/s]Fetching 9672 files:  10%|█         | 998/9672 [00:46<06:42, 21.53it/s]Fetching 9672 files:  10%|█         | 1002/9672 [00:46<06:13, 23.23it/s]Fetching 9672 files:  10%|█         | 1008/9672 [00:47<06:36, 21.87it/s]Fetching 9672 files:  10%|█         | 1015/9672 [00:47<05:33, 25.93it/s]Fetching 9672 files:  11%|█         | 1019/9672 [00:47<05:39, 25.52it/s]Fetching 9672 files:  11%|█         | 1025/9672 [00:47<05:24, 26.61it/s]Fetching 9672 files:  11%|█         | 1030/9672 [00:47<04:56, 29.11it/s]Fetching 9672 files:  11%|█         | 1035/9672 [00:47<04:45, 30.21it/s]Fetching 9672 files:  11%|█         | 1039/9672 [00:48<05:17, 27.23it/s]Fetching 9672 files:  11%|█         | 1043/9672 [00:48<06:52, 20.91it/s]Fetching 9672 files:  11%|█         | 1047/9672 [00:48<08:11, 17.53it/s]Fetching 9672 files:  11%|█         | 1058/9672 [00:48<05:47, 24.76it/s]Fetching 9672 files:  11%|█         | 1061/9672 [00:49<05:57, 24.05it/s]Fetching 9672 files:  11%|█         | 1068/9672 [00:49<06:16, 22.84it/s]Fetching 9672 files:  11%|█         | 1080/9672 [00:49<04:26, 32.24it/s]Fetching 9672 files:  11%|█         | 1084/9672 [00:49<04:34, 31.33it/s]Fetching 9672 files:  11%|█         | 1088/9672 [00:49<04:45, 30.07it/s]Fetching 9672 files:  11%|█▏        | 1094/9672 [00:50<04:07, 34.64it/s]Fetching 9672 files:  11%|█▏        | 1098/9672 [00:50<04:07, 34.69it/s]Fetching 9672 files:  11%|█▏        | 1102/9672 [00:50<05:07, 27.84it/s]Fetching 9672 files:  11%|█▏        | 1106/9672 [00:50<06:30, 21.92it/s]Fetching 9672 files:  12%|█▏        | 1113/9672 [00:50<04:48, 29.65it/s]Fetching 9672 files:  12%|█▏        | 1117/9672 [00:50<04:39, 30.57it/s]Fetching 9672 files:  12%|█▏        | 1121/9672 [00:51<06:17, 22.63it/s]Fetching 9672 files:  12%|█▏        | 1124/9672 [00:51<06:07, 23.26it/s]Fetching 9672 files:  12%|█▏        | 1129/9672 [00:51<05:40, 25.12it/s]Fetching 9672 files:  12%|█▏        | 1133/9672 [00:51<06:35, 21.58it/s]Fetching 9672 files:  12%|█▏        | 1142/9672 [00:51<05:01, 28.27it/s]Fetching 9672 files:  12%|█▏        | 1146/9672 [00:52<05:18, 26.81it/s]Fetching 9672 files:  12%|█▏        | 1152/9672 [00:52<05:03, 28.04it/s]Fetching 9672 files:  12%|█▏        | 1156/9672 [00:52<05:23, 26.31it/s]Fetching 9672 files:  12%|█▏        | 1162/9672 [00:52<04:51, 29.24it/s]Fetching 9672 files:  12%|█▏        | 1166/9672 [00:52<04:59, 28.38it/s]Fetching 9672 files:  12%|█▏        | 1175/9672 [00:52<03:33, 39.80it/s]Fetching 9672 files:  12%|█▏        | 1180/9672 [00:53<03:42, 38.18it/s]Fetching 9672 files:  12%|█▏        | 1185/9672 [00:53<04:47, 29.54it/s]Fetching 9672 files:  12%|█▏        | 1189/9672 [00:53<06:50, 20.64it/s]Fetching 9672 files:  12%|█▏        | 1195/9672 [00:54<06:36, 21.41it/s]Fetching 9672 files:  12%|█▏        | 1202/9672 [00:54<06:36, 21.34it/s]Fetching 9672 files:  12%|█▏        | 1206/9672 [00:54<07:09, 19.73it/s]Fetching 9672 files:  13%|█▎        | 1214/9672 [00:55<07:50, 17.96it/s]Fetching 9672 files:  13%|█▎        | 1226/9672 [00:55<06:32, 21.52it/s]Fetching 9672 files:  13%|█▎        | 1239/9672 [00:55<04:44, 29.63it/s]Fetching 9672 files:  13%|█▎        | 1243/9672 [00:55<05:00, 28.05it/s]Fetching 9672 files:  13%|█▎        | 1248/9672 [00:56<05:20, 26.31it/s]Fetching 9672 files:  13%|█▎        | 1253/9672 [00:56<05:33, 25.25it/s]Fetching 9672 files:  13%|█▎        | 1263/9672 [00:56<06:45, 20.72it/s]Fetching 9672 files:  13%|█▎        | 1274/9672 [00:57<04:45, 29.37it/s]Fetching 9672 files:  13%|█▎        | 1279/9672 [00:57<04:34, 30.60it/s]Fetching 9672 files:  13%|█▎        | 1284/9672 [00:57<05:02, 27.77it/s]Fetching 9672 files:  13%|█▎        | 1293/9672 [00:57<04:55, 28.37it/s]Fetching 9672 files:  13%|█▎        | 1298/9672 [00:58<05:44, 24.30it/s]Fetching 9672 files:  14%|█▎        | 1306/9672 [00:58<05:05, 27.35it/s]Fetching 9672 files:  14%|█▎        | 1310/9672 [00:58<05:25, 25.71it/s]Fetching 9672 files:  14%|█▎        | 1317/9672 [00:58<04:43, 29.48it/s]Fetching 9672 files:  14%|█▎        | 1323/9672 [00:58<05:10, 26.91it/s]Fetching 9672 files:  14%|█▎        | 1327/9672 [00:59<04:59, 27.88it/s]Fetching 9672 files:  14%|█▍        | 1335/9672 [00:59<05:09, 26.92it/s]Fetching 9672 files:  14%|█▍        | 1343/9672 [00:59<05:17, 26.19it/s]Fetching 9672 files:  14%|█▍        | 1348/9672 [00:59<05:13, 26.53it/s]Fetching 9672 files:  14%|█▍        | 1355/9672 [01:00<06:45, 20.49it/s]Fetching 9672 files:  14%|█▍        | 1369/9672 [01:00<04:10, 33.21it/s]Fetching 9672 files:  14%|█▍        | 1374/9672 [01:00<05:01, 27.55it/s]Fetching 9672 files:  14%|█▍        | 1378/9672 [01:01<05:09, 26.80it/s]Fetching 9672 files:  14%|█▍        | 1385/9672 [01:01<04:24, 31.32it/s]Fetching 9672 files:  14%|█▍        | 1391/9672 [01:01<04:14, 32.53it/s]Fetching 9672 files:  14%|█▍        | 1395/9672 [01:01<04:18, 32.02it/s]Fetching 9672 files:  14%|█▍        | 1399/9672 [01:01<04:47, 28.79it/s]Fetching 9672 files:  15%|█▍        | 1403/9672 [01:01<04:34, 30.15it/s]Fetching 9672 files:  15%|█▍        | 1409/9672 [01:01<03:49, 36.03it/s]Fetching 9672 files:  15%|█▍        | 1413/9672 [01:02<07:09, 19.22it/s]Fetching 9672 files:  15%|█▍        | 1426/9672 [01:02<04:18, 31.86it/s]Fetching 9672 files:  15%|█▍        | 1431/9672 [01:02<04:49, 28.50it/s]Fetching 9672 files:  15%|█▍        | 1435/9672 [01:02<04:39, 29.51it/s]Fetching 9672 files:  15%|█▍        | 1439/9672 [01:03<05:39, 24.23it/s]Fetching 9672 files:  15%|█▍        | 1442/9672 [01:03<07:18, 18.75it/s]Fetching 9672 files:  15%|█▍        | 1449/9672 [01:03<05:24, 25.37it/s]Fetching 9672 files:  15%|█▌        | 1453/9672 [01:03<05:43, 23.89it/s]Fetching 9672 files:  15%|█▌        | 1462/9672 [01:03<04:10, 32.74it/s]Fetching 9672 files:  15%|█▌        | 1469/9672 [01:04<03:29, 39.07it/s]Fetching 9672 files:  15%|█▌        | 1474/9672 [01:04<04:51, 28.10it/s]Fetching 9672 files:  15%|█▌        | 1478/9672 [01:04<05:00, 27.26it/s]Fetching 9672 files:  15%|█▌        | 1485/9672 [01:04<05:07, 26.65it/s]Fetching 9672 files:  15%|█▌        | 1497/9672 [01:05<04:53, 27.87it/s]Fetching 9672 files:  16%|█▌        | 1506/9672 [01:05<04:15, 31.97it/s]Fetching 9672 files:  16%|█▌        | 1510/9672 [01:05<05:14, 25.96it/s]Fetching 9672 files:  16%|█▌        | 1517/9672 [01:05<04:43, 28.72it/s]Fetching 9672 files:  16%|█▌        | 1521/9672 [01:06<05:41, 23.88it/s]Fetching 9672 files:  16%|█▌        | 1528/9672 [01:06<04:37, 29.36it/s]Fetching 9672 files:  16%|█▌        | 1532/9672 [01:06<04:58, 27.28it/s]Fetching 9672 files:  16%|█▌        | 1540/9672 [01:06<04:11, 32.30it/s]Fetching 9672 files:  16%|█▌        | 1546/9672 [01:06<04:54, 27.57it/s]Fetching 9672 files:  16%|█▌        | 1554/9672 [01:07<04:23, 30.77it/s]Fetching 9672 files:  16%|█▌        | 1558/9672 [01:07<04:19, 31.30it/s]Fetching 9672 files:  16%|█▌        | 1562/9672 [01:07<04:53, 27.64it/s]Fetching 9672 files:  16%|█▌        | 1567/9672 [01:07<05:06, 26.42it/s]Fetching 9672 files:  16%|█▋        | 1577/9672 [01:08<05:08, 26.24it/s]Fetching 9672 files:  16%|█▋        | 1580/9672 [01:08<05:44, 23.47it/s]Fetching 9672 files:  17%|█▋        | 1598/9672 [01:08<05:11, 25.90it/s]Fetching 9672 files:  17%|█▋        | 1611/9672 [01:09<03:56, 34.02it/s]Fetching 9672 files:  17%|█▋        | 1618/9672 [01:09<04:44, 28.31it/s]Fetching 9672 files:  17%|█▋        | 1626/9672 [01:09<03:57, 33.89it/s]Fetching 9672 files:  17%|█▋        | 1631/9672 [01:09<04:08, 32.38it/s]Fetching 9672 files:  17%|█▋        | 1642/9672 [01:10<03:42, 36.16it/s]Fetching 9672 files:  17%|█▋        | 1650/9672 [01:10<03:14, 41.34it/s]Fetching 9672 files:  17%|█▋        | 1655/9672 [01:10<06:33, 20.40it/s]Fetching 9672 files:  17%|█▋        | 1664/9672 [01:11<04:57, 26.93it/s]Fetching 9672 files:  17%|█▋        | 1673/9672 [01:11<04:05, 32.54it/s]Fetching 9672 files:  17%|█▋        | 1678/9672 [01:11<04:17, 31.08it/s]Fetching 9672 files:  17%|█▋        | 1683/9672 [01:11<04:34, 29.06it/s]Fetching 9672 files:  17%|█▋        | 1690/9672 [01:11<04:14, 31.40it/s]Fetching 9672 files:  18%|█▊        | 1700/9672 [01:12<04:26, 29.88it/s]Fetching 9672 files:  18%|█▊        | 1704/9672 [01:12<04:34, 29.03it/s]Fetching 9672 files:  18%|█▊        | 1709/9672 [01:12<04:06, 32.34it/s]Fetching 9672 files:  18%|█▊        | 1716/9672 [01:12<04:46, 27.76it/s]Fetching 9672 files:  18%|█▊        | 1722/9672 [01:12<04:48, 27.57it/s]Fetching 9672 files:  18%|█▊        | 1731/9672 [01:13<03:32, 37.42it/s]Fetching 9672 files:  18%|█▊        | 1736/9672 [01:13<06:09, 21.49it/s]Fetching 9672 files:  18%|█▊        | 1743/9672 [01:13<06:39, 19.86it/s]Fetching 9672 files:  18%|█▊        | 1756/9672 [01:14<04:26, 29.73it/s]Fetching 9672 files:  18%|█▊        | 1763/9672 [01:14<04:00, 32.85it/s]Fetching 9672 files:  18%|█▊        | 1768/9672 [01:15<08:45, 15.05it/s]Fetching 9672 files:  19%|█▊        | 1795/9672 [01:15<03:53, 33.69it/s]Fetching 9672 files:  19%|█▊        | 1802/9672 [01:15<03:56, 33.25it/s]Fetching 9672 files:  19%|█▊        | 1808/9672 [01:15<04:02, 32.48it/s]Fetching 9672 files:  19%|█▉        | 1815/9672 [01:16<03:37, 36.16it/s]Fetching 9672 files:  19%|█▉        | 1821/9672 [01:16<04:18, 30.37it/s]Fetching 9672 files:  19%|█▉        | 1826/9672 [01:16<04:41, 27.89it/s]Fetching 9672 files:  19%|█▉        | 1830/9672 [01:16<05:30, 23.75it/s]Fetching 9672 files:  19%|█▉        | 1842/9672 [01:17<04:21, 29.98it/s]Fetching 9672 files:  19%|█▉        | 1846/9672 [01:17<04:31, 28.86it/s]Fetching 9672 files:  19%|█▉        | 1852/9672 [01:17<05:12, 25.01it/s]Fetching 9672 files:  19%|█▉        | 1860/9672 [01:17<04:22, 29.81it/s]Fetching 9672 files:  19%|█▉        | 1872/9672 [01:18<04:03, 31.99it/s]Fetching 9672 files:  19%|█▉        | 1886/9672 [01:18<03:36, 36.01it/s]Fetching 9672 files:  20%|█▉        | 1894/9672 [01:18<03:36, 35.99it/s]Fetching 9672 files:  20%|█▉        | 1898/9672 [01:18<04:06, 31.49it/s]Fetching 9672 files:  20%|█▉        | 1911/9672 [01:19<02:57, 43.77it/s]Fetching 9672 files:  20%|█▉        | 1917/9672 [01:19<04:05, 31.65it/s]Fetching 9672 files:  20%|█▉        | 1922/9672 [01:19<03:50, 33.60it/s]Fetching 9672 files:  20%|█▉        | 1927/9672 [01:19<04:06, 31.42it/s]Fetching 9672 files:  20%|█▉        | 1934/9672 [01:19<03:32, 36.43it/s]Fetching 9672 files:  20%|██        | 1939/9672 [01:20<03:45, 34.36it/s]Fetching 9672 files:  20%|██        | 1943/9672 [01:20<04:21, 29.53it/s]Fetching 9672 files:  20%|██        | 1951/9672 [01:20<03:52, 33.19it/s]Fetching 9672 files:  20%|██        | 1955/9672 [01:20<04:16, 30.13it/s]Fetching 9672 files:  20%|██        | 1960/9672 [01:20<03:50, 33.41it/s]Fetching 9672 files:  20%|██        | 1964/9672 [01:20<04:46, 26.90it/s]Fetching 9672 files:  20%|██        | 1975/9672 [01:21<03:22, 37.99it/s]Fetching 9672 files:  20%|██        | 1980/9672 [01:21<04:59, 25.70it/s]Fetching 9672 files:  21%|██        | 1990/9672 [01:21<04:37, 27.68it/s]Fetching 9672 files:  21%|██        | 1994/9672 [01:22<04:57, 25.77it/s]Fetching 9672 files:  21%|██        | 2001/9672 [01:22<04:27, 28.69it/s]Fetching 9672 files:  21%|██        | 2005/9672 [01:22<05:06, 25.00it/s]Fetching 9672 files:  21%|██        | 2015/9672 [01:22<05:04, 25.11it/s]Fetching 9672 files:  21%|██        | 2024/9672 [01:23<04:19, 29.53it/s]Fetching 9672 files:  21%|██        | 2028/9672 [01:23<04:18, 29.52it/s]Fetching 9672 files:  21%|██        | 2032/9672 [01:23<04:51, 26.19it/s]Fetching 9672 files:  21%|██        | 2044/9672 [01:23<03:25, 37.19it/s]Fetching 9672 files:  21%|██        | 2049/9672 [01:23<04:26, 28.58it/s]Fetching 9672 files:  21%|██        | 2053/9672 [01:24<05:01, 25.24it/s]Fetching 9672 files:  21%|██▏       | 2065/9672 [01:24<03:12, 39.54it/s]Fetching 9672 files:  21%|██▏       | 2071/9672 [01:24<03:48, 33.27it/s]Fetching 9672 files:  22%|██▏       | 2081/9672 [01:24<02:52, 43.96it/s]Fetching 9672 files:  22%|██▏       | 2088/9672 [01:24<03:45, 33.58it/s]Fetching 9672 files:  22%|██▏       | 2096/9672 [01:25<03:38, 34.63it/s]Fetching 9672 files:  22%|██▏       | 2101/9672 [01:25<03:40, 34.40it/s]Fetching 9672 files:  22%|██▏       | 2106/9672 [01:25<04:03, 31.09it/s]Fetching 9672 files:  22%|██▏       | 2113/9672 [01:25<05:30, 22.89it/s]Fetching 9672 files:  22%|██▏       | 2121/9672 [01:26<04:24, 28.58it/s]Fetching 9672 files:  22%|██▏       | 2127/9672 [01:26<03:50, 32.76it/s]Fetching 9672 files:  22%|██▏       | 2134/9672 [01:26<03:52, 32.48it/s]Fetching 9672 files:  22%|██▏       | 2147/9672 [01:26<02:47, 44.92it/s]Fetching 9672 files:  22%|██▏       | 2153/9672 [01:26<03:45, 33.28it/s]Fetching 9672 files:  22%|██▏       | 2159/9672 [01:27<04:48, 26.05it/s]Fetching 9672 files:  22%|██▏       | 2167/9672 [01:27<04:52, 25.62it/s]Fetching 9672 files:  22%|██▏       | 2175/9672 [01:27<04:10, 29.96it/s]Fetching 9672 files:  23%|██▎       | 2184/9672 [01:27<03:14, 38.43it/s]Fetching 9672 files:  23%|██▎       | 2190/9672 [01:28<03:53, 32.09it/s]Fetching 9672 files:  23%|██▎       | 2197/9672 [01:28<04:02, 30.81it/s]Fetching 9672 files:  23%|██▎       | 2201/9672 [01:28<04:30, 27.61it/s]Fetching 9672 files:  23%|██▎       | 2209/9672 [01:28<03:47, 32.86it/s]Fetching 9672 files:  23%|██▎       | 2213/9672 [01:28<03:52, 32.02it/s]Fetching 9672 files:  23%|██▎       | 2217/9672 [01:29<03:47, 32.79it/s]Fetching 9672 files:  23%|██▎       | 2221/9672 [01:29<04:09, 29.92it/s]Fetching 9672 files:  23%|██▎       | 2226/9672 [01:29<05:39, 21.95it/s]Fetching 9672 files:  23%|██▎       | 2236/9672 [01:29<04:18, 28.75it/s]Fetching 9672 files:  23%|██▎       | 2243/9672 [01:30<05:23, 22.94it/s]Fetching 9672 files:  23%|██▎       | 2257/9672 [01:30<03:37, 34.14it/s]Fetching 9672 files:  23%|██▎       | 2262/9672 [01:30<03:46, 32.70it/s]Fetching 9672 files:  23%|██▎       | 2266/9672 [01:30<04:16, 28.83it/s]Fetching 9672 files:  23%|██▎       | 2270/9672 [01:31<04:21, 28.31it/s]Fetching 9672 files:  24%|██▎       | 2274/9672 [01:31<04:05, 30.12it/s]Fetching 9672 files:  24%|██▎       | 2283/9672 [01:31<04:29, 27.47it/s]Fetching 9672 files:  24%|██▎       | 2291/9672 [01:31<04:59, 24.64it/s]Fetching 9672 files:  24%|██▍       | 2308/9672 [01:32<03:12, 38.28it/s]Fetching 9672 files:  24%|██▍       | 2313/9672 [01:32<03:56, 31.09it/s]Fetching 9672 files:  24%|██▍       | 2320/9672 [01:32<03:28, 35.28it/s]Fetching 9672 files:  24%|██▍       | 2325/9672 [01:32<03:33, 34.47it/s]Fetching 9672 files:  24%|██▍       | 2329/9672 [01:32<03:30, 34.92it/s]Fetching 9672 files:  24%|██▍       | 2336/9672 [01:33<04:33, 26.79it/s]Fetching 9672 files:  24%|██▍       | 2348/9672 [01:33<03:47, 32.19it/s]Fetching 9672 files:  24%|██▍       | 2352/9672 [01:33<04:00, 30.45it/s]Fetching 9672 files:  24%|██▍       | 2356/9672 [01:33<04:13, 28.82it/s]Fetching 9672 files:  24%|██▍       | 2363/9672 [01:33<03:51, 31.52it/s]Fetching 9672 files:  24%|██▍       | 2368/9672 [01:34<04:49, 25.24it/s]Fetching 9672 files:  25%|██▍       | 2380/9672 [01:34<04:32, 26.74it/s]Fetching 9672 files:  25%|██▍       | 2393/9672 [01:34<03:34, 33.97it/s]Fetching 9672 files:  25%|██▍       | 2402/9672 [01:35<03:22, 35.93it/s]Fetching 9672 files:  25%|██▍       | 2407/9672 [01:35<03:21, 36.12it/s]Fetching 9672 files:  25%|██▍       | 2416/9672 [01:35<02:59, 40.44it/s]Fetching 9672 files:  25%|██▌       | 2423/9672 [01:35<02:44, 44.05it/s]Fetching 9672 files:  25%|██▌       | 2428/9672 [01:35<03:48, 31.70it/s]Fetching 9672 files:  25%|██▌       | 2432/9672 [01:36<04:18, 27.96it/s]Fetching 9672 files:  25%|██▌       | 2438/9672 [01:36<05:15, 22.90it/s]Fetching 9672 files:  25%|██▌       | 2456/9672 [01:36<03:32, 34.01it/s]Fetching 9672 files:  25%|██▌       | 2460/9672 [01:36<03:32, 33.86it/s]Fetching 9672 files:  25%|██▌       | 2466/9672 [01:37<04:15, 28.23it/s]Fetching 9672 files:  26%|██▌       | 2479/9672 [01:37<03:16, 36.56it/s]Fetching 9672 files:  26%|██▌       | 2483/9672 [01:37<03:57, 30.24it/s]Fetching 9672 files:  26%|██▌       | 2490/9672 [01:37<03:28, 34.51it/s]Fetching 9672 files:  26%|██▌       | 2496/9672 [01:37<03:09, 37.94it/s]Fetching 9672 files:  26%|██▌       | 2501/9672 [01:38<03:44, 31.92it/s]Fetching 9672 files:  26%|██▌       | 2510/9672 [01:38<03:04, 38.87it/s]Fetching 9672 files:  26%|██▌       | 2519/9672 [01:38<02:29, 47.82it/s]Fetching 9672 files:  26%|██▌       | 2525/9672 [01:38<02:43, 43.69it/s]Fetching 9672 files:  26%|██▌       | 2530/9672 [01:38<03:14, 36.70it/s]Fetching 9672 files:  26%|██▌       | 2535/9672 [01:39<04:50, 24.55it/s]Fetching 9672 files:  26%|██▋       | 2546/9672 [01:39<03:15, 36.42it/s]Fetching 9672 files:  26%|██▋       | 2552/9672 [01:39<03:37, 32.81it/s]Fetching 9672 files:  26%|██▋       | 2560/9672 [01:39<03:39, 32.45it/s]Fetching 9672 files:  27%|██▋       | 2565/9672 [01:40<04:01, 29.43it/s]Fetching 9672 files:  27%|██▋       | 2571/9672 [01:40<03:27, 34.28it/s]Fetching 9672 files:  27%|██▋       | 2577/9672 [01:40<03:04, 38.36it/s]Fetching 9672 files:  27%|██▋       | 2582/9672 [01:40<03:19, 35.59it/s]Fetching 9672 files:  27%|██▋       | 2587/9672 [01:40<03:21, 35.12it/s]Fetching 9672 files:  27%|██▋       | 2591/9672 [01:40<03:36, 32.69it/s]Fetching 9672 files:  27%|██▋       | 2600/9672 [01:40<02:50, 41.49it/s]Fetching 9672 files:  27%|██▋       | 2605/9672 [01:41<04:11, 28.07it/s]Fetching 9672 files:  27%|██▋       | 2609/9672 [01:41<04:40, 25.19it/s]Fetching 9672 files:  27%|██▋       | 2618/9672 [01:41<05:06, 23.05it/s]Fetching 9672 files:  27%|██▋       | 2629/9672 [01:41<03:24, 34.50it/s]Fetching 9672 files:  27%|██▋       | 2635/9672 [01:42<04:19, 27.08it/s]Fetching 9672 files:  27%|██▋       | 2647/9672 [01:42<03:19, 35.24it/s]Fetching 9672 files:  27%|██▋       | 2652/9672 [01:42<03:41, 31.75it/s]Fetching 9672 files:  28%|██▊       | 2662/9672 [01:42<02:57, 39.54it/s]Fetching 9672 files:  28%|██▊       | 2667/9672 [01:43<03:26, 33.85it/s]Fetching 9672 files:  28%|██▊       | 2672/9672 [01:43<03:34, 32.61it/s]Fetching 9672 files:  28%|██▊       | 2676/9672 [01:43<04:17, 27.17it/s]Fetching 9672 files:  28%|██▊       | 2689/9672 [01:43<03:34, 32.58it/s]Fetching 9672 files:  28%|██▊       | 2696/9672 [01:44<04:06, 28.30it/s]Fetching 9672 files:  28%|██▊       | 2704/9672 [01:44<03:53, 29.84it/s]Fetching 9672 files:  28%|██▊       | 2714/9672 [01:44<03:20, 34.72it/s]Fetching 9672 files:  28%|██▊       | 2722/9672 [01:45<04:11, 27.63it/s]Fetching 9672 files:  28%|██▊       | 2737/9672 [01:45<02:43, 42.30it/s]Fetching 9672 files:  28%|██▊       | 2744/9672 [01:45<03:13, 35.86it/s]Fetching 9672 files:  28%|██▊       | 2750/9672 [01:45<03:03, 37.72it/s]Fetching 9672 files:  29%|██▊       | 2759/9672 [01:46<04:23, 26.28it/s]Fetching 9672 files:  29%|██▊       | 2776/9672 [01:46<03:05, 37.17it/s]Fetching 9672 files:  29%|██▉       | 2784/9672 [01:46<03:14, 35.39it/s]Fetching 9672 files:  29%|██▉       | 2796/9672 [01:46<02:50, 40.34it/s]Fetching 9672 files:  29%|██▉       | 2801/9672 [01:47<03:20, 34.21it/s]Fetching 9672 files:  29%|██▉       | 2811/9672 [01:47<02:56, 38.78it/s]Fetching 9672 files:  29%|██▉       | 2817/9672 [01:47<03:28, 32.83it/s]Fetching 9672 files:  29%|██▉       | 2822/9672 [01:47<03:57, 28.85it/s]Fetching 9672 files:  29%|██▉       | 2829/9672 [01:48<03:37, 31.42it/s]Fetching 9672 files:  29%|██▉       | 2840/9672 [01:48<03:41, 30.78it/s]Fetching 9672 files:  30%|██▉       | 2858/9672 [01:48<02:18, 49.24it/s]Fetching 9672 files:  30%|██▉       | 2865/9672 [01:48<02:53, 39.30it/s]Fetching 9672 files:  30%|██▉       | 2871/9672 [01:49<02:59, 37.80it/s]Fetching 9672 files:  30%|██▉       | 2876/9672 [01:49<03:26, 32.90it/s]Fetching 9672 files:  30%|██▉       | 2885/9672 [01:49<03:02, 37.15it/s]Fetching 9672 files:  30%|██▉       | 2892/9672 [01:49<02:44, 41.12it/s]Fetching 9672 files:  30%|██▉       | 2899/9672 [01:49<02:29, 45.42it/s]Fetching 9672 files:  30%|███       | 2905/9672 [01:50<03:40, 30.71it/s]Fetching 9672 files:  30%|███       | 2913/9672 [01:50<03:56, 28.63it/s]Fetching 9672 files:  30%|███       | 2923/9672 [01:50<03:04, 36.50it/s]Fetching 9672 files:  30%|███       | 2931/9672 [01:51<04:27, 25.24it/s]Fetching 9672 files:  30%|███       | 2946/9672 [01:51<02:59, 37.55it/s]Fetching 9672 files:  31%|███       | 2953/9672 [01:51<03:37, 30.88it/s]Fetching 9672 files:  31%|███       | 2962/9672 [01:51<03:21, 33.34it/s]HTTP Error 429 thrown while requesting HEAD https://huggingface.co/datasets/neuralcatcher/hateful_memes/resolve/d201c488dc7024623d1ecbcc987b3f132c4c2e12/img/31647.png
Retrying in 1s [Retry 1/5].
HTTP Error 429 thrown while requesting HEAD https://huggingface.co/datasets/neuralcatcher/hateful_memes/resolve/d201c488dc7024623d1ecbcc987b3f132c4c2e12/img/31652.png
Retrying in 1s [Retry 1/5].
HTTP Error 429 thrown while requesting HEAD https://huggingface.co/datasets/neuralcatcher/hateful_memes/resolve/d201c488dc7024623d1ecbcc987b3f132c4c2e12/img/31657.png
Retrying in 1s [Retry 1/5].
Fetching 9672 files:  31%|███       | 2967/9672 [01:52<03:38, 30.69it/s]HTTP Error 429 thrown while requesting HEAD https://huggingface.co/datasets/neuralcatcher/hateful_memes/resolve/d201c488dc7024623d1ecbcc987b3f132c4c2e12/img/31672.png
Retrying in 1s [Retry 1/5].
HTTP Error 429 thrown while requesting HEAD https://huggingface.co/datasets/neuralcatcher/hateful_memes/resolve/d201c488dc7024623d1ecbcc987b3f132c4c2e12/img/31684.png
Retrying in 1s [Retry 1/5].
HTTP Error 429 thrown while requesting HEAD https://huggingface.co/datasets/neuralcatcher/hateful_memes/resolve/d201c488dc7024623d1ecbcc987b3f132c4c2e12/img/31685.png
Retrying in 1s [Retry 1/5].
HTTP Error 429 thrown while requesting HEAD https://huggingface.co/datasets/neuralcatcher/hateful_memes/resolve/d201c488dc7024623d1ecbcc987b3f132c4c2e12/img/31687.png
Retrying in 1s [Retry 1/5].
Fetching 9672 files:  31%|███       | 2976/9672 [01:52<03:41, 30.27it/s]HTTP Error 429 thrown while requesting HEAD https://huggingface.co/datasets/neuralcatcher/hateful_memes/resolve/d201c488dc7024623d1ecbcc987b3f132c4c2e12/img/31690.png
Retrying in 1s [Retry 1/5].
HTTP Error 429 thrown while requesting HEAD https://huggingface.co/datasets/neuralcatcher/hateful_memes/resolve/d201c488dc7024623d1ecbcc987b3f132c4c2e12/img/31647.png
Retrying in 2s [Retry 2/5].
HTTP Error 429 thrown while requesting HEAD https://huggingface.co/datasets/neuralcatcher/hateful_memes/resolve/d201c488dc7024623d1ecbcc987b3f132c4c2e12/img/31652.png
Retrying in 2s [Retry 2/5].
HTTP Error 429 thrown while requesting HEAD https://huggingface.co/datasets/neuralcatcher/hateful_memes/resolve/d201c488dc7024623d1ecbcc987b3f132c4c2e12/img/31672.png
Retrying in 2s [Retry 2/5].
HTTP Error 429 thrown while requesting HEAD https://huggingface.co/datasets/neuralcatcher/hateful_memes/resolve/d201c488dc7024623d1ecbcc987b3f132c4c2e12/img/31657.png
Retrying in 2s [Retry 2/5].
HTTP Error 429 thrown while requesting HEAD https://huggingface.co/datasets/neuralcatcher/hateful_memes/resolve/d201c488dc7024623d1ecbcc987b3f132c4c2e12/img/31684.png
Retrying in 2s [Retry 2/5].
HTTP Error 429 thrown while requesting HEAD https://huggingface.co/datasets/neuralcatcher/hateful_memes/resolve/d201c488dc7024623d1ecbcc987b3f132c4c2e12/img/31685.png
Retrying in 2s [Retry 2/5].
HTTP Error 429 thrown while requesting HEAD https://huggingface.co/datasets/neuralcatcher/hateful_memes/resolve/d201c488dc7024623d1ecbcc987b3f132c4c2e12/img/31687.png
Retrying in 2s [Retry 2/5].
HTTP Error 429 thrown while requesting HEAD https://huggingface.co/datasets/neuralcatcher/hateful_memes/resolve/d201c488dc7024623d1ecbcc987b3f132c4c2e12/img/31690.png
Retrying in 2s [Retry 2/5].
HTTP Error 429 thrown while requesting HEAD https://huggingface.co/datasets/neuralcatcher/hateful_memes/resolve/d201c488dc7024623d1ecbcc987b3f132c4c2e12/img/31647.png
Retrying in 4s [Retry 3/5].
HTTP Error 429 thrown while requesting HEAD https://huggingface.co/datasets/neuralcatcher/hateful_memes/resolve/d201c488dc7024623d1ecbcc987b3f132c4c2e12/img/31652.png
Retrying in 4s [Retry 3/5].
HTTP Error 429 thrown while requesting HEAD https://huggingface.co/datasets/neuralcatcher/hateful_memes/resolve/d201c488dc7024623d1ecbcc987b3f132c4c2e12/img/31672.png
Retrying in 4s [Retry 3/5].
HTTP Error 429 thrown while requesting HEAD https://huggingface.co/datasets/neuralcatcher/hateful_memes/resolve/d201c488dc7024623d1ecbcc987b3f132c4c2e12/img/31657.png
Retrying in 4s [Retry 3/5].
HTTP Error 429 thrown while requesting HEAD https://huggingface.co/datasets/neuralcatcher/hateful_memes/resolve/d201c488dc7024623d1ecbcc987b3f132c4c2e12/img/31684.png
Retrying in 4s [Retry 3/5].
HTTP Error 429 thrown while requesting HEAD https://huggingface.co/datasets/neuralcatcher/hateful_memes/resolve/d201c488dc7024623d1ecbcc987b3f132c4c2e12/img/31685.png
Retrying in 4s [Retry 3/5].
HTTP Error 429 thrown while requesting HEAD https://huggingface.co/datasets/neuralcatcher/hateful_memes/resolve/d201c488dc7024623d1ecbcc987b3f132c4c2e12/img/31687.png
Retrying in 4s [Retry 3/5].
HTTP Error 429 thrown while requesting HEAD https://huggingface.co/datasets/neuralcatcher/hateful_memes/resolve/d201c488dc7024623d1ecbcc987b3f132c4c2e12/img/31690.png
Retrying in 4s [Retry 3/5].
HTTP Error 429 thrown while requesting HEAD https://huggingface.co/datasets/neuralcatcher/hateful_memes/resolve/d201c488dc7024623d1ecbcc987b3f132c4c2e12/img/31647.png
Retrying in 8s [Retry 4/5].
HTTP Error 429 thrown while requesting HEAD https://huggingface.co/datasets/neuralcatcher/hateful_memes/resolve/d201c488dc7024623d1ecbcc987b3f132c4c2e12/img/31652.png
Retrying in 8s [Retry 4/5].
HTTP Error 429 thrown while requesting HEAD https://huggingface.co/datasets/neuralcatcher/hateful_memes/resolve/d201c488dc7024623d1ecbcc987b3f132c4c2e12/img/31672.png
Retrying in 8s [Retry 4/5].
HTTP Error 429 thrown while requesting HEAD https://huggingface.co/datasets/neuralcatcher/hateful_memes/resolve/d201c488dc7024623d1ecbcc987b3f132c4c2e12/img/31657.png
Retrying in 8s [Retry 4/5].
HTTP Error 429 thrown while requesting HEAD https://huggingface.co/datasets/neuralcatcher/hateful_memes/resolve/d201c488dc7024623d1ecbcc987b3f132c4c2e12/img/31684.png
Retrying in 8s [Retry 4/5].
HTTP Error 429 thrown while requesting HEAD https://huggingface.co/datasets/neuralcatcher/hateful_memes/resolve/d201c488dc7024623d1ecbcc987b3f132c4c2e12/img/31685.png
Retrying in 8s [Retry 4/5].
HTTP Error 429 thrown while requesting HEAD https://huggingface.co/datasets/neuralcatcher/hateful_memes/resolve/d201c488dc7024623d1ecbcc987b3f132c4c2e12/img/31687.png
Retrying in 8s [Retry 4/5].
HTTP Error 429 thrown while requesting HEAD https://huggingface.co/datasets/neuralcatcher/hateful_memes/resolve/d201c488dc7024623d1ecbcc987b3f132c4c2e12/img/31690.png
Retrying in 8s [Retry 4/5].
HTTP Error 429 thrown while requesting HEAD https://huggingface.co/datasets/neuralcatcher/hateful_memes/resolve/d201c488dc7024623d1ecbcc987b3f132c4c2e12/img/31647.png
Retrying in 8s [Retry 5/5].
HTTP Error 429 thrown while requesting HEAD https://huggingface.co/datasets/neuralcatcher/hateful_memes/resolve/d201c488dc7024623d1ecbcc987b3f132c4c2e12/img/31652.png
Retrying in 8s [Retry 5/5].
HTTP Error 429 thrown while requesting HEAD https://huggingface.co/datasets/neuralcatcher/hateful_memes/resolve/d201c488dc7024623d1ecbcc987b3f132c4c2e12/img/31684.png
Retrying in 8s [Retry 5/5].
HTTP Error 429 thrown while requesting HEAD https://huggingface.co/datasets/neuralcatcher/hateful_memes/resolve/d201c488dc7024623d1ecbcc987b3f132c4c2e12/img/31657.png
HTTP Error 429 thrown while requesting HEAD https://huggingface.co/datasets/neuralcatcher/hateful_memes/resolve/d201c488dc7024623d1ecbcc987b3f132c4c2e12/img/31672.png
Retrying in 8s [Retry 5/5].
Retrying in 8s [Retry 5/5].
HTTP Error 429 thrown while requesting HEAD https://huggingface.co/datasets/neuralcatcher/hateful_memes/resolve/d201c488dc7024623d1ecbcc987b3f132c4c2e12/img/31685.png
Retrying in 8s [Retry 5/5].
HTTP Error 429 thrown while requesting HEAD https://huggingface.co/datasets/neuralcatcher/hateful_memes/resolve/d201c488dc7024623d1ecbcc987b3f132c4c2e12/img/31687.png
Retrying in 8s [Retry 5/5].
HTTP Error 429 thrown while requesting HEAD https://huggingface.co/datasets/neuralcatcher/hateful_memes/resolve/d201c488dc7024623d1ecbcc987b3f132c4c2e12/img/31690.png
Retrying in 8s [Retry 5/5].
Fetching 9672 files:  31%|███       | 2976/9672 [02:09<03:41, 30.27it/s]HTTP Error 429 thrown while requesting HEAD https://huggingface.co/datasets/neuralcatcher/hateful_memes/resolve/d201c488dc7024623d1ecbcc987b3f132c4c2e12/img/31652.png
HTTP Error 429 thrown while requesting HEAD https://huggingface.co/datasets/neuralcatcher/hateful_memes/resolve/d201c488dc7024623d1ecbcc987b3f132c4c2e12/img/31647.png
Fetching 9672 files:  31%|███       | 2977/9672 [02:15<05:04, 22.00it/s]
HTTP Error 429 thrown while requesting HEAD https://huggingface.co/datasets/neuralcatcher/hateful_memes/resolve/d201c488dc7024623d1ecbcc987b3f132c4c2e12/img/31684.png
HTTP Error 429 thrown while requesting HEAD https://huggingface.co/datasets/neuralcatcher/hateful_memes/resolve/d201c488dc7024623d1ecbcc987b3f132c4c2e12/img/31657.png
HTTP Error 429 thrown while requesting HEAD https://huggingface.co/datasets/neuralcatcher/hateful_memes/resolve/d201c488dc7024623d1ecbcc987b3f132c4c2e12/img/31694.png
Retrying in 1s [Retry 1/5].
HTTP Error 429 thrown while requesting HEAD https://huggingface.co/datasets/neuralcatcher/hateful_memes/resolve/d201c488dc7024623d1ecbcc987b3f132c4c2e12/img/31685.png
HTTP Error 429 thrown while requesting HEAD https://huggingface.co/datasets/neuralcatcher/hateful_memes/resolve/d201c488dc7024623d1ecbcc987b3f132c4c2e12/img/31672.png
HTTP Error 429 thrown while requesting HEAD https://huggingface.co/datasets/neuralcatcher/hateful_memes/resolve/d201c488dc7024623d1ecbcc987b3f132c4c2e12/img/31695.png
Retrying in 1s [Retry 1/5].
HTTP Error 429 thrown while requesting HEAD https://huggingface.co/datasets/neuralcatcher/hateful_memes/resolve/d201c488dc7024623d1ecbcc987b3f132c4c2e12/img/31687.png
HTTP Error 429 thrown while requesting HEAD https://huggingface.co/datasets/neuralcatcher/hateful_memes/resolve/d201c488dc7024623d1ecbcc987b3f132c4c2e12/img/31690.png
HTTP Error 429 thrown while requesting HEAD https://huggingface.co/datasets/neuralcatcher/hateful_memes/resolve/d201c488dc7024623d1ecbcc987b3f132c4c2e12/img/31694.png
Retrying in 2s [Retry 2/5].
HTTP Error 429 thrown while requesting HEAD https://huggingface.co/datasets/neuralcatcher/hateful_memes/resolve/d201c488dc7024623d1ecbcc987b3f132c4c2e12/img/31695.png
Retrying in 2s [Retry 2/5].
HTTP Error 429 thrown while requesting HEAD https://huggingface.co/datasets/neuralcatcher/hateful_memes/resolve/d201c488dc7024623d1ecbcc987b3f132c4c2e12/img/31694.png
Retrying in 4s [Retry 3/5].
HTTP Error 429 thrown while requesting HEAD https://huggingface.co/datasets/neuralcatcher/hateful_memes/resolve/d201c488dc7024623d1ecbcc987b3f132c4c2e12/img/31695.png
Retrying in 4s [Retry 3/5].
HTTP Error 429 thrown while requesting HEAD https://huggingface.co/datasets/neuralcatcher/hateful_memes/resolve/d201c488dc7024623d1ecbcc987b3f132c4c2e12/img/31694.png
Retrying in 8s [Retry 4/5].
HTTP Error 429 thrown while requesting HEAD https://huggingface.co/datasets/neuralcatcher/hateful_memes/resolve/d201c488dc7024623d1ecbcc987b3f132c4c2e12/img/31695.png
Retrying in 8s [Retry 4/5].
HTTP Error 429 thrown while requesting HEAD https://huggingface.co/datasets/neuralcatcher/hateful_memes/resolve/d201c488dc7024623d1ecbcc987b3f132c4c2e12/img/31694.png
Retrying in 8s [Retry 5/5].
HTTP Error 429 thrown while requesting HEAD https://huggingface.co/datasets/neuralcatcher/hateful_memes/resolve/d201c488dc7024623d1ecbcc987b3f132c4c2e12/img/31695.png
Retrying in 8s [Retry 5/5].
HTTP Error 429 thrown while requesting HEAD https://huggingface.co/datasets/neuralcatcher/hateful_memes/resolve/d201c488dc7024623d1ecbcc987b3f132c4c2e12/img/31694.png
HTTP Error 429 thrown while requesting HEAD https://huggingface.co/datasets/neuralcatcher/hateful_memes/resolve/d201c488dc7024623d1ecbcc987b3f132c4c2e12/img/31695.png
Traceback (most recent call last):
  File "/home/zhisheng/hm_env/lib/python3.10/site-packages/huggingface_hub/utils/_http.py", line 553, in hf_raise_for_status
    response.raise_for_status()
  File "/home/zhisheng/hm_env/lib/python3.10/site-packages/httpx/_models.py", line 829, in raise_for_status
    raise HTTPStatusError(message, request=request, response=self)
httpx.HTTPStatusError: Client error '429 Too Many Requests' for url 'https://huggingface.co/datasets/neuralcatcher/hateful_memes/resolve/d201c488dc7024623d1ecbcc987b3f132c4c2e12/img/31647.png'
For more information check: https://developer.mozilla.org/en-US/docs/Web/HTTP/Status/429

The above exception was the direct cause of the following exception:

Traceback (most recent call last):
  File "/home/zhisheng/hm_env/lib/python3.10/site-packages/huggingface_hub/file_download.py", line 1623, in _get_metadata_or_catch_error
    metadata = get_hf_file_metadata(
  File "/home/zhisheng/hm_env/lib/python3.10/site-packages/huggingface_hub/utils/_validators.py", line 89, in _inner_fn
    return fn(*args, **kwargs)
  File "/home/zhisheng/hm_env/lib/python3.10/site-packages/huggingface_hub/file_download.py", line 1549, in get_hf_file_metadata
    response = _httpx_follow_relative_redirects(method="HEAD", url=url, headers=hf_headers, timeout=timeout)
  File "/home/zhisheng/hm_env/lib/python3.10/site-packages/huggingface_hub/file_download.py", line 284, in _httpx_follow_relative_redirects
    response = http_backoff(
  File "/home/zhisheng/hm_env/lib/python3.10/site-packages/huggingface_hub/utils/_http.py", line 405, in http_backoff
    return next(
  File "/home/zhisheng/hm_env/lib/python3.10/site-packages/huggingface_hub/utils/_http.py", line 316, in _http_backoff_base
    if not _should_retry(response):
  File "/home/zhisheng/hm_env/lib/python3.10/site-packages/huggingface_hub/utils/_http.py", line 302, in _should_retry
    hf_raise_for_status(response)  # Will raise uncaught exception
  File "/home/zhisheng/hm_env/lib/python3.10/site-packages/huggingface_hub/utils/_http.py", line 629, in hf_raise_for_status
    raise _format(HfHubHTTPError, str(e), response) from e
huggingface_hub.errors.HfHubHTTPError: Client error '429 Too Many Requests' for url 'https://huggingface.co/datasets/neuralcatcher/hateful_memes/resolve/d201c488dc7024623d1ecbcc987b3f132c4c2e12/img/31647.png' (Request ID: Root=1-69292cc9-2a88e04d541d9cf6357f3c24;9a0f1870-abac-45a2-8328-d14f5a017b88)
For more information check: https://developer.mozilla.org/en-US/docs/Web/HTTP/Status/429

We had to rate limit your IP (141.211.192.53). To continue using our service, create a HF account or login to your existing account, and make sure you pass a HF_TOKEN if you're using the API.

The above exception was the direct cause of the following exception:

Traceback (most recent call last):
  File "/home/zhisheng/stats507/scripts/download_with_hf_hub.py", line 21, in <module>
    local_dir = snapshot_download(
  File "/home/zhisheng/hm_env/lib/python3.10/site-packages/huggingface_hub/utils/_validators.py", line 89, in _inner_fn
    return fn(*args, **kwargs)
  File "/home/zhisheng/hm_env/lib/python3.10/site-packages/huggingface_hub/_snapshot_download.py", line 451, in snapshot_download
    thread_map(
  File "/home/zhisheng/hm_env/lib/python3.10/site-packages/tqdm/contrib/concurrent.py", line 69, in thread_map
    return _executor_map(ThreadPoolExecutor, fn, *iterables, **tqdm_kwargs)
  File "/home/zhisheng/hm_env/lib/python3.10/site-packages/tqdm/contrib/concurrent.py", line 51, in _executor_map
    return list(tqdm_class(ex.map(fn, *iterables, chunksize=chunksize), **kwargs))
  File "/home/zhisheng/hm_env/lib/python3.10/site-packages/tqdm/std.py", line 1181, in __iter__
    for obj in iterable:
  File "/sw/pkgs/arc/python/3.10.4/lib/python3.10/concurrent/futures/_base.py", line 609, in result_iterator
    yield fs.pop().result()
  File "/sw/pkgs/arc/python/3.10.4/lib/python3.10/concurrent/futures/_base.py", line 446, in result
    return self.__get_result()
  File "/sw/pkgs/arc/python/3.10.4/lib/python3.10/concurrent/futures/_base.py", line 391, in __get_result
    raise self._exception
  File "/sw/pkgs/arc/python/3.10.4/lib/python3.10/concurrent/futures/thread.py", line 58, in run
    result = self.fn(*self.args, **self.kwargs)
  File "/home/zhisheng/hm_env/lib/python3.10/site-packages/huggingface_hub/_snapshot_download.py", line 431, in _inner_hf_hub_download
    hf_hub_download(  # type: ignore
  File "/home/zhisheng/hm_env/lib/python3.10/site-packages/huggingface_hub/utils/_validators.py", line 89, in _inner_fn
    return fn(*args, **kwargs)
  File "/home/zhisheng/hm_env/lib/python3.10/site-packages/huggingface_hub/file_download.py", line 986, in hf_hub_download
    return _hf_hub_download_to_local_dir(
  File "/home/zhisheng/hm_env/lib/python3.10/site-packages/huggingface_hub/file_download.py", line 1305, in _hf_hub_download_to_local_dir
    _raise_on_head_call_error(head_call_error, force_download, local_files_only)
  File "/home/zhisheng/hm_env/lib/python3.10/site-packages/huggingface_hub/file_download.py", line 1734, in _raise_on_head_call_error
    raise LocalEntryNotFoundError(
huggingface_hub.errors.LocalEntryNotFoundError: An error happened while trying to locate the file on the Hub and we cannot find the requested files in the local cache. Please check your connection and try again or make sure your Internet connection is on.
